Determining if the pthread_create exist failed with the following output:
Change Dir: /home/alpha/tuturial/hsg/CMakeFiles/CMakeTmp

Run Build Command:"/usr/bin/make" "cmTC_67726/fast"
/usr/bin/make -f CMakeFiles/cmTC_67726.dir/build.make CMakeFiles/cmTC_67726.dir/build
make[1]: Entering directory '/home/alpha/tuturial/hsg/CMakeFiles/CMakeTmp'
Building C object CMakeFiles/cmTC_67726.dir/CheckSymbolExists.c.o
/usr/bin/cc    -o CMakeFiles/cmTC_67726.dir/CheckSymbolExists.c.o   -c /home/alpha/tuturial/hsg/CMakeFiles/CMakeTmp/CheckSymbolExists.c
Linking C executable cmTC_67726
/usr/bin/cmake -E cmake_link_script CMakeFiles/cmTC_67726.dir/link.txt --verbose=1
/usr/bin/cc      -rdynamic CMakeFiles/cmTC_67726.dir/CheckSymbolExists.c.o  -o cmTC_67726 
CMakeFiles/cmTC_67726.dir/CheckSymbolExists.c.o: In function `main':
CheckSymbolExists.c:(.text+0x1b): undefined reference to `pthread_create'
collect2: error: ld returned 1 exit status
CMakeFiles/cmTC_67726.dir/build.make:97: recipe for target 'cmTC_67726' failed
make[1]: *** [cmTC_67726] Error 1
make[1]: Leaving directory '/home/alpha/tuturial/hsg/CMakeFiles/CMakeTmp'
Makefile:126: recipe for target 'cmTC_67726/fast' failed
make: *** [cmTC_67726/fast] Error 2

File /home/alpha/tuturial/hsg/CMakeFiles/CMakeTmp/CheckSymbolExists.c:
/* */
#include <pthread.h>

int main(int argc, char** argv)
{
  (void)argv;
#ifndef pthread_create
  return ((int*)(&pthread_create))[argc];
#else
  (void)argc;
  return 0;
#endif
}

Determining if the function pthread_create exists in the pthreads failed with the following output:
Change Dir: /home/alpha/tuturial/hsg/CMakeFiles/CMakeTmp

Run Build Command:"/usr/bin/make" "cmTC_683c9/fast"
/usr/bin/make -f CMakeFiles/cmTC_683c9.dir/build.make CMakeFiles/cmTC_683c9.dir/build
make[1]: Entering directory '/home/alpha/tuturial/hsg/CMakeFiles/CMakeTmp'
Building C object CMakeFiles/cmTC_683c9.dir/CheckFunctionExists.c.o
/usr/bin/cc   -DCHECK_FUNCTION_EXISTS=pthread_create   -o CMakeFiles/cmTC_683c9.dir/CheckFunctionExists.c.o   -c /usr/share/cmake-3.10/Modules/CheckFunctionExists.c
Linking C executable cmTC_683c9
/usr/bin/cmake -E cmake_link_script CMakeFiles/cmTC_683c9.dir/link.txt --verbose=1
/usr/bin/cc  -DCHECK_FUNCTION_EXISTS=pthread_create    -rdynamic CMakeFiles/cmTC_683c9.dir/CheckFunctionExists.c.o  -o cmTC_683c9 -lpthreads 
/usr/bin/ld: cannot find -lpthreads
collect2: error: ld returned 1 exit status
CMakeFiles/cmTC_683c9.dir/build.make:97: recipe for target 'cmTC_683c9' failed
make[1]: *** [cmTC_683c9] Error 1
make[1]: Leaving directory '/home/alpha/tuturial/hsg/CMakeFiles/CMakeTmp'
Makefile:126: recipe for target 'cmTC_683c9/fast' failed
make: *** [cmTC_683c9/fast] Error 2


